<?xml version="1.0" encoding="UTF-8"?>
<!-- Generated by org.testng.reporters.JUnitXMLReporter -->
<testsuite hostname="gsod-agonzalez" name="Departments: New, Updated, Deleted" tests="14" failures="0" timestamp="5 Apr 2017 22:48:55 GMT" time="214.279" errors="0">
  <testcase name="addNewDepartmentFailMsg" time="4.1" classname="tests.Story1_1"/>
  <testcase name="addNewDepartmentSuccessMsg" time="3.041" classname="tests.Story1_1"/>
  <testcase name="newDepartmentInList" time="0.852" classname="tests.Story1_1"/>
  <testcase name="addNewEmployeeNewDepartment" time="23.967" classname="tests.Story1_1"/>
  <testcase name="updateExistingEmployeeNewDepartment" time="19.586" classname="tests.Story1_1"/>
  <testcase name="updateDepartmentFailMsg" time="3.273" classname="tests.Story1_3"/>
  <testcase name="updateDepartmentSuccessMsg" time="3.524" classname="tests.Story1_3"/>
  <testcase name="newDepartmentInList" time="0.924" classname="tests.Story1_3"/>
  <testcase name="addNewEmployeeUpdatedDepartment" time="24.009" classname="tests.Story1_3"/>
  <testcase name="updateExistingEmployeeUpdatedDepartment" time="12.27" classname="tests.Story1_3"/>
  <testcase name="deleteDepartmentSuccessMsg" time="2.817" classname="tests.Story1_5"/>
  <testcase name="departmentNotInList" time="20.968" classname="tests.Story1_5"/>
  <testcase name="addNewEmployeeDeletedDepartment" time="32.378" classname="tests.Story1_5"/>
  <testcase name="updateExistingEmployeeDeletedDepartment" time="36.256" classname="tests.Story1_5"/>
</testsuite> <!-- Departments: New, Updated, Deleted -->
