<?xml version="1.0" encoding="UTF-8"?>
<!-- Generated by org.testng.reporters.JUnitXMLReporter -->
<testsuite hostname="gsod-agonzalez" name="Titles: New, Updated, Deleted" tests="14" failures="0" timestamp="5 Apr 2017 22:52:41 GMT" time="225.904" errors="0">
  <testcase name="addNewTitleFailMsg" time="7.249" classname="tests.Story1_2"/>
  <testcase name="addNewTitleSuccessMsg" time="7.47" classname="tests.Story1_2"/>
  <testcase name="newTitleAppearsInList" time="0.796" classname="tests.Story1_2"/>
  <testcase name="addNewEmployeeNewTitle" time="25.614" classname="tests.Story1_2"/>
  <testcase name="updateExistingEmployeeNewTitle" time="20.916" classname="tests.Story1_2"/>
  <testcase name="updateTitleFailMsg" time="2.894" classname="tests.Story1_4"/>
  <testcase name="updateTitleSuccessMsg" time="7.563" classname="tests.Story1_4"/>
  <testcase name="updatedTitleAppearsInList" time="0.738" classname="tests.Story1_4"/>
  <testcase name="addNewEmployeeNewTitle" time="25.308" classname="tests.Story1_4"/>
  <testcase name="updateExistingEmployeeNewTitle" time="14.903" classname="tests.Story1_4"/>
  <testcase name="deleteTitleSuccessMsg" time="2.187" classname="tests.Story1_6"/>
  <testcase name="titleNotInList" time="20.844" classname="tests.Story1_6"/>
  <testcase name="addNewEmployeeDeletedTitle" time="32.647" classname="tests.Story1_6"/>
  <testcase name="updateExistingEmployeeDeletedTitle" time="32.42" classname="tests.Story1_6"/>
</testsuite> <!-- Titles: New, Updated, Deleted -->
